Can honey help with pimples?
Best treatment for dark circles
skincare for beginers
skin care for beginners
who developed the AI model
who developed the AI model
who developed the AI model
acme
skincare for beginners
skin care for beginners
skin care
skincare
who developed ai model
How can I reduce freckles?
i have breakout
help
human_help
how_it_works
alum rose water toner
help
help
help
signup process
website maintainer
what's up
owner
owner
site owner
owner
site owner
site owner
site owner
owner
owner
please water
ami
What can you do?
hellp
causes
tell me about website
is lemon good for skin
is lemon juice good for skin
acbe
I have very red skin on my face and cheeks.
I have very red skin on my face and cheeks.
